c:\store\py\kata\2019\10\vjiasd\cpp_library\cppcommunication\cpplibrary\x64\debug\vc142.pdb
c:\store\py\kata\2019\10\vjiasd\cpp_library\cppcommunication\cpplibrary\x64\debug\vc142.idb
c:\store\py\kata\2019\10\vjiasd\cpp_library\cppcommunication\cpplibrary\x64\debug\cpplibrary.obj
c:\store\py\kata\2019\10\vjiasd\cpp_library\cppcommunication\x64\debug\cpplibrary.lib
c:\store\py\kata\2019\10\vjiasd\cpp_library\cppcommunication\x64\debug\cpplibrary.exp
c:\store\py\kata\2019\10\vjiasd\cpp_library\cppcommunication\x64\debug\cpplibrary.ilk
c:\store\py\kata\2019\10\vjiasd\cpp_library\cppcommunication\x64\debug\cpplibrary.dll
c:\store\py\kata\2019\10\vjiasd\cpp_library\cppcommunication\x64\debug\cpplibrary.pdb
c:\store\py\kata\2019\10\vjiasd\cpp_library\cppcommunication\cpplibrary\x64\debug\cpplibrary.idb
c:\store\py\kata\2019\10\vjiasd\cpp_library\cppcommunication\cpplibrary\x64\debug\cpplibrary.pdb
c:\store\py\kata\2019\10\vjiasd\cpp_library\cppcommunication\cpplibrary\x64\debug\cpplibrary.tlog\cl.command.1.tlog
c:\store\py\kata\2019\10\vjiasd\cpp_library\cppcommunication\cpplibrary\x64\debug\cpplibrary.tlog\cl.read.1.tlog
c:\store\py\kata\2019\10\vjiasd\cpp_library\cppcommunication\cpplibrary\x64\debug\cpplibrary.tlog\cl.write.1.tlog
c:\store\py\kata\2019\10\vjiasd\cpp_library\cppcommunication\cpplibrary\x64\debug\cpplibrary.tlog\cpplibrary.write.1u.tlog
c:\store\py\kata\2019\10\vjiasd\cpp_library\cppcommunication\cpplibrary\x64\debug\cpplibrary.tlog\lib-link.read.1.tlog
c:\store\py\kata\2019\10\vjiasd\cpp_library\cppcommunication\cpplibrary\x64\debug\cpplibrary.tlog\lib-link.write.1.tlog
c:\store\py\kata\2019\10\vjiasd\cpp_library\cppcommunication\cpplibrary\x64\debug\cpplibrary.tlog\lib.command.1.tlog
c:\store\py\kata\2019\10\vjiasd\cpp_library\cppcommunication\cpplibrary\x64\debug\cpplibrary.tlog\link.command.1.tlog
c:\store\py\kata\2019\10\vjiasd\cpp_library\cppcommunication\cpplibrary\x64\debug\cpplibrary.tlog\link.delete.1.tlog
c:\store\py\kata\2019\10\vjiasd\cpp_library\cppcommunication\cpplibrary\x64\debug\cpplibrary.tlog\link.read.1.tlog
c:\store\py\kata\2019\10\vjiasd\cpp_library\cppcommunication\cpplibrary\x64\debug\cpplibrary.tlog\link.write.1.tlog
